sending LayerZero message to trigger price update for next round
Sending a message for real
Read price from chainlink: 
Chainlink Data Feed: 0x385c3849a65F9824E16969186f2B7A1ffaB80ADD
Chainlink Data Feed: 0x4850971A47537F40F80a6DAfAeC6f81EF054eEFc
Chainlink Data Feed: 0xC525c036d8d435622D940F31B618b307547752aC
Chainlink Data Feed: 0xd4baCFe205a4Bc6bE6c1C5f736FD5f8e59126D96
Chainlink Data Feed: 0x66528c190F9a75F1805bF9AB16C6504FD3304e2a
Read price from redstone: 
Rounded price from redstone: 0
Redstone data feed: 0xadcddEeD2DCd355ECA74D57cb1346345E1616136
sending LayerZero message to trigger price update for next round
Sending a message for real
Redstone data feed: 0x1205C8608bdbd754064779C75D4E7f070A2caF99
sending LayerZero message to trigger price update for next round
Sending a message for real
Redstone data feed: 0x08909E9b7f48768E6eBd213a0C3B1A6a432D7383
sending LayerZero message to trigger price update for next round
Sending a message for real
Redstone data feed: 0x2b72FA4Cc6060Fa5750c1Ec560CD2e370192F78D
sending LayerZero message to trigger price update for next round
Sending a message for real
Redstone data feed: 0x6aB5db3e59eab8E597Eb5E47AC05f42e3d721b9B
sending LayerZero message to trigger price update for next round
Sending a message for real
Redstone data feed: 0x86D8c6c61A2B5955ad62a365D915D77ABfFa0c1C
sending LayerZero message to trigger price update for next round
Sending a message for real
CoinGecko data feed: 0xD58Fc8d8bB912bFbE8a9e347f1B36b1cE21E9F80
CoinGecko data feed: 0x8B33bfF4C46Ea6FEE193EE975A712b742e54857e
CoinGecko data feed: 0x7B99Edac2D93c3975Fa164015714CeCf73C8793A
CoinGecko data feed: 0xe0350E2a6FC34bE28747d77D22E32b6678abCdda
CoinGecko data feed: 0xbea4923f19CE3aD74c7824B1EE9B6761d6092Eee
CoinGecko data feed: 0x690530f8799CEa1F506dF253d54b9c31dd65FFB3
Read price from chainlink: 
Chainlink Data Feed: 0x385c3849a65F9824E16969186f2B7A1ffaB80ADD
Chainlink Data Feed: 0x4850971A47537F40F80a6DAfAeC6f81EF054eEFc
Chainlink Data Feed: 0xC525c036d8d435622D940F31B618b307547752aC
Chainlink Data Feed: 0xd4baCFe205a4Bc6bE6c1C5f736FD5f8e59126D96
Chainlink Data Feed: 0x66528c190F9a75F1805bF9AB16C6504FD3304e2a
Read price from redstone: 
Rounded price from redstone: 0
Redstone data feed: 0xadcddEeD2DCd355ECA74D57cb1346345E1616136
sending LayerZero message to trigger price update for next round
Sending a message for real
Redstone data feed: 0x1205C8608bdbd754064779C75D4E7f070A2caF99
sending LayerZero message to trigger price update for next round
Sending a message for real
Redstone data feed: 0x08909E9b7f48768E6eBd213a0C3B1A6a432D7383
sending LayerZero message to trigger price update for next round
Sending a message for real
Redstone data feed: 0x2b72FA4Cc6060Fa5750c1Ec560CD2e370192F78D
sending LayerZero message to trigger price update for next round
Sending a message for real
Redstone data feed: 0x6aB5db3e59eab8E597Eb5E47AC05f42e3d721b9B
sending LayerZero message to trigger price update for next round
Sending a message for real
Redstone data feed: 0x86D8c6c61A2B5955ad62a365D915D77ABfFa0c1C
sending LayerZero message to trigger price update for next round
Sending a message for real
CoinGecko data feed: 0xD58Fc8d8bB912bFbE8a9e347f1B36b1cE21E9F80
CoinGecko data feed: 0x8B33bfF4C46Ea6FEE193EE975A712b742e54857e
CoinGecko data feed: 0x7B99Edac2D93c3975Fa164015714CeCf73C8793A
CoinGecko data feed: 0xe0350E2a6FC34bE28747d77D22E32b6678abCdda
CoinGecko data feed: 0xbea4923f19CE3aD74c7824B1EE9B6761d6092Eee
CoinGecko data feed: 0x690530f8799CEa1F506dF253d54b9c31dd65FFB3
Read price from chainlink: 
Chainlink Data Feed: 0x385c3849a65F9824E16969186f2B7A1ffaB80ADD
Chainlink Data Feed: 0x4850971A47537F40F80a6DAfAeC6f81EF054eEFc
Chainlink Data Feed: 0xC525c036d8d435622D940F31B618b307547752aC
Chainlink Data Feed: 0xd4baCFe205a4Bc6bE6c1C5f736FD5f8e59126D96
Chainlink Data Feed: 0x66528c190F9a75F1805bF9AB16C6504FD3304e2a
Read price from redstone: 
Rounded price from redstone: 0
Redstone data feed: 0xadcddEeD2DCd355ECA74D57cb1346345E1616136
sending LayerZero message to trigger price update for next round
Sending a message for real
Redstone data feed: 0x1205C8608bdbd754064779C75D4E7f070A2caF99
sending LayerZero message to trigger price update for next round
Sending a message for real
Redstone data feed: 0x08909E9b7f48768E6eBd213a0C3B1A6a432D7383
sending LayerZero message to trigger price update for next round
Sending a message for real
Redstone data feed: 0x2b72FA4Cc6060Fa5750c1Ec560CD2e370192F78D
sending LayerZero message to trigger price update for next round
Sending a message for real
Redstone data feed: 0x6aB5db3e59eab8E597Eb5E47AC05f42e3d721b9B
sending LayerZero message to trigger price update for next round
Sending a message for real
Redstone data feed: 0x86D8c6c61A2B5955ad62a365D915D77ABfFa0c1C
sending LayerZero message to trigger price update for next round
Sending a message for real
CoinGecko data feed: 0xD58Fc8d8bB912bFbE8a9e347f1B36b1cE21E9F80
CoinGecko data feed: 0x8B33bfF4C46Ea6FEE193EE975A712b742e54857e
CoinGecko data feed: 0x7B99Edac2D93c3975Fa164015714CeCf73C8793A
CoinGecko data feed: 0xe0350E2a6FC34bE28747d77D22E32b6678abCdda
CoinGecko data feed: 0xbea4923f19CE3aD74c7824B1EE9B6761d6092Eee
CoinGecko data feed: 0x690530f8799CEa1F506dF253d54b9c31dd65FFB3
